#
# There is insufficient memory for the Java Runtime Environment to continue.
# Native memory allocation (malloc) failed to allocate 582256 bytes for Chunk::new
# Possible reasons:
#   The system is out of physical RAM or swap space
#   In 32 bit mode, the process size limit was hit
# Possible solutions:
#   Reduce memory load on the system
#   Increase physical memory or swap space
#   Check if swap backing store is full
#   Use 64 bit Java on a 64 bit OS
#   Decrease Java heap size (-Xmx/-Xms)
#   Decrease number of Java threads
#   Decrease Java thread stack sizes (-Xss)
#   Set larger code cache with -XX:ReservedCodeCacheSize=
# This output file may be truncated or incomplete.
#
#  Out of Memory Error (allocation.cpp:390), pid=50140, tid=0x0000000000010998
#
# JRE version: Java(TM) SE Runtime Environment (8.0_181-b13) (build 1.8.0_181-b13)
# Java VM: Java HotSpot(TM) 64-Bit Server VM (25.181-b13 mixed mode windows-amd64 compressed oops)
# Failed to write core dump. Minidumps are not enabled by default on client versions of Windows
#

---------------  T H R E A D  ---------------

Current thread (0x000000001c8df000):  JavaThread "C2 CompilerThread0" daemon [_thread_in_native, id=67992, stack(0x000000001cd40000,0x000000001ce40000)]

Stack: [0x000000001cd40000,0x000000001ce40000]
[error occurred during error reporting (printing stack bounds), id 0xc0000005]

Native frames: (J=compiled Java code, j=interpreted, Vv=VM code, C=native code)


Current CompileTask:
C2:  11634 1675   !   4       java.lang.ClassLoader::loadClass (122 bytes)


---------------  P R O C E S S  ---------------

Java Threads: ( => current thread )
  0x000000001df9a000 JavaThread "background-preinit" [_thread_blocked, id=63500, stack(0x000000001f4b0000,0x000000001f5b0000)]
  0x000000001c956000 JavaThread "Service Thread" daemon [_thread_blocked, id=68144, stack(0x000000001d040000,0x000000001d140000)]
  0x000000001c91d000 JavaThread "C1 CompilerThread2" daemon [_thread_blocked, id=62184, stack(0x000000001cf40000,0x000000001d040000)]
  0x000000001c8e0000 JavaThread "C2 CompilerThread1" daemon [_thread_blocked, id=67936, stack(0x000000001ce40000,0x000000001cf40000)]
=>0x000000001c8df000 JavaThread "C2 CompilerThread0" daemon [_thread_in_native, id=67992, stack(0x000000001cd40000,0x000000001ce40000)]
  0x000000001a927800 JavaThread "JDWP Command Reader" daemon [_thread_in_native, id=67808, stack(0x000000001c440000,0x000000001c540000)]
  0x000000001a924000 JavaThread "JDWP Event Helper Thread" daemon [_thread_blocked, id=68312, stack(0x000000001c340000,0x000000001c440000)]
  0x000000001a922000 JavaThread "JDWP Transport Listener: dt_socket" daemon [_thread_blocked, id=61100, stack(0x000000001c240000,0x000000001c340000)]
  0x000000001a90d000 JavaThread "Attach Listener" daemon [_thread_blocked, id=67016, stack(0x000000001c140000,0x000000001c240000)]
  0x000000001a8fa000 JavaThread "Signal Dispatcher" daemon [_thread_blocked, id=67792, stack(0x000000001c040000,0x000000001c140000)]
  0x000000001a8cc000 JavaThread "Finalizer" daemon [_thread_blocked, id=66924, stack(0x000000001bb40000,0x000000001bc40000)]
  0x000000001a8a9000 JavaThread "Reference Handler" daemon [_thread_blocked, id=67932, stack(0x000000001ba40000,0x000000001bb40000)]
  0x000000000376d800 JavaThread "main" [_thread_blocked, id=65084, stack(0x0000000003660000,0x0000000003760000)]

Other Threads:
  0x000000001a8a8000 VMThread [stack: 0x000000001b940000,0x000000001ba40000] [id=66276]
  0x000000001c9e6000 WatcherThread [stack: 0x000000001d140000,0x000000001d240000] [id=66840]

VM state:at safepoint (normal execution)

VM Mutex/Monitor currently owned by a thread:  ([mutex/lock_event])
[0x00000000037622d0] Threads_lock - owner thread: 0x000000001a8a8000
[0x000000000376bf30] Heap_lock - owner thread: 0x000000001df9a000

Heap:
 PSYoungGen      total 104960K, used 46442K [0x0000000781900000, 0x0000000788700000, 0x00000007c0000000)
  eden space 97280K, 41% used [0x0000000781900000,0x0000000783ff3d70,0x0000000787800000)
  from space 7680K, 85% used [0x0000000787f80000,0x00000007885e6d68,0x0000000788700000)
  to   space 7680K, 66% used [0x0000000787800000,0x0000000787cf3e48,0x0000000787f80000)
 ParOldGen       total 128512K, used 104K [0x0000000704a00000, 0x000000070c780000, 0x0000000781900000)
  object space 128512K, 0% used [0x0000000704a00000,0x0000000704a1a010,0x000000070c780000)
 Metaspace       used 20543K, capacity 21186K, committed 21296K, reserved 1067008K
  class space    used 2686K, capacity 2845K, committed 2864K, reserved 1048576K

Card table byte_map: [0x0000000012de0000,0x00000000133c0000] byte_map_base: 0x000000000f5bb000

Marking Bits: (ParMarkBitMap*) 0x0000000069802d00
 Begin Bits: [0x0000000013bb0000, 0x0000000016a88000)
 End Bits:   [0x0000000016a88000, 0x0000000019960000)

Polling page: 0x0000000001380000

CodeCache: size=245760Kb used=6085Kb max_used=6085Kb free=239674Kb
 bounds [0x0000000003a20000, 0x0000000004020000, 0x0000000012a20000]
 total_blobs=2060 nmethods=1689 adapters=291
 compilation: enabled

Compilation events (10 events):
Event: 11.561 Thread 0x000000001c91d000 1686       3       java.lang.invoke.LambdaForm$Name::<init> (194 bytes)
Event: 11.561 Thread 0x000000001c91d000 nmethod 1686 0x00000000040112d0 code [0x00000000040114c0, 0x0000000004011dd8]
Event: 11.562 Thread 0x000000001c91d000 1687       3       java.lang.invoke.LambdaForm$NamedFunction::returnType (11 bytes)
Event: 11.562 Thread 0x000000001c91d000 nmethod 1687 0x0000000004010790 code [0x0000000004010940, 0x0000000004010ff8]
Event: 11.562 Thread 0x000000001c91d000 1688       3       java.lang.invoke.InvokerBytecodeGenerator::emitStoreResult (27 bytes)
Event: 11.562 Thread 0x000000001c91d000 nmethod 1688 0x000000000400ffd0 code [0x0000000004010160, 0x0000000004010598]
Event: 11.563 Thread 0x000000001c91d000 1689       3       java.lang.invoke.MethodHandle::setVarargs (38 bytes)
Event: 11.563 Thread 0x000000001c91d000 nmethod 1689 0x0000000004013d10 code [0x0000000004013f00, 0x00000000040149c8]
Event: 11.613 Thread 0x000000001c91d000 1690       1       com.intellij.rt.debugger.agent.CaptureAgent::access$100 (4 bytes)
Event: 11.613 Thread 0x000000001c91d000 nmethod 1690 0x000000000400fd10 code [0x000000000400fe60, 0x000000000400ff50]

GC Heap History (9 events):
Event: 4.519 GC heap before
{Heap before GC invocations=1 (full 0):
 PSYoungGen      total 56320K, used 48640K [0x0000000781900000, 0x0000000785780000, 0x00000007c0000000)
  eden space 48640K, 100% used [0x0000000781900000,0x0000000784880000,0x0000000784880000)
  from space 7680K, 0% used [0x0000000785000000,0x0000000785000000,0x0000000785780000)
  to   space 7680K, 0% used [0x0000000784880000,0x0000000784880000,0x0000000785000000)
 ParOldGen       total 128512K, used 0K [0x0000000704a00000, 0x000000070c780000, 0x0000000781900000)
  object space 128512K, 0% used [0x0000000704a00000,0x0000000704a00000,0x000000070c780000)
 Metaspace       used 8259K, capacity 8534K, committed 8832K, reserved 1056768K
  class space    used 949K, capacity 1061K, committed 1152K, reserved 1048576K
Event: 4.526 GC heap after
Heap after GC invocations=1 (full 0):
 PSYoungGen      total 56320K, used 4377K [0x0000000781900000, 0x0000000785780000, 0x00000007c0000000)
  eden space 48640K, 0% used [0x0000000781900000,0x0000000781900000,0x0000000784880000)
  from space 7680K, 56% used [0x0000000784880000,0x0000000784cc6540,0x0000000785000000)
  to   space 7680K, 0% used [0x0000000785000000,0x0000000785000000,0x0000000785780000)
 ParOldGen       total 128512K, used 8K [0x0000000704a00000, 0x000000070c780000, 0x0000000781900000)
  object space 128512K, 0% used [0x0000000704a00000,0x0000000704a02000,0x000000070c780000)
 Metaspace       used 8259K, capacity 8534K, committed 8832K, reserved 1056768K
  class space    used 949K, capacity 1061K, committed 1152K, reserved 1048576K
}
Event: 6.584 GC heap before
{Heap before GC invocations=2 (full 0):
 PSYoungGen      total 56320K, used 53017K [0x0000000781900000, 0x0000000785780000, 0x00000007c0000000)
  eden space 48640K, 100% used [0x0000000781900000,0x0000000784880000,0x0000000784880000)
  from space 7680K, 56% used [0x0000000784880000,0x0000000784cc6540,0x0000000785000000)
  to   space 7680K, 0% used [0x0000000785000000,0x0000000785000000,0x0000000785780000)
 ParOldGen       total 128512K, used 8K [0x0000000704a00000, 0x000000070c780000, 0x0000000781900000)
  object space 128512K, 0% used [0x0000000704a00000,0x0000000704a02000,0x000000070c780000)
 Metaspace       used 11470K, capacity 11880K, committed 12032K, reserved 1060864K
  class space    used 1350K, capacity 1470K, committed 1536K, reserved 1048576K
Event: 6.664 GC heap after
Heap after GC invocations=2 (full 0):
 PSYoungGen      total 56320K, used 4882K [0x0000000781900000, 0x0000000788700000, 0x00000007c0000000)
  eden space 48640K, 0% used [0x0000000781900000,0x0000000781900000,0x0000000784880000)
  from space 7680K, 63% used [0x0000000785000000,0x00000007854c4890,0x0000000785780000)
  to   space 7680K, 0% used [0x0000000784880000,0x0000000784880000,0x0000000785000000)
 ParOldGen       total 128512K, used 16K [0x0000000704a00000, 0x000000070c780000, 0x0000000781900000)
  object space 128512K, 0% used [0x0000000704a00000,0x0000000704a04000,0x000000070c780000)
 Metaspace       used 11470K, capacity 11880K, committed 12032K, reserved 1060864K
  class space    used 1350K, capacity 1470K, committed 1536K, reserved 1048576K
}
Event: 9.251 GC heap before
{Heap before GC invocations=3 (full 0):
 PSYoungGen      total 56320K, used 53522K [0x0000000781900000, 0x0000000788700000, 0x00000007c0000000)
  eden space 48640K, 100% used [0x0000000781900000,0x0000000784880000,0x0000000784880000)
  from space 7680K, 63% used [0x0000000785000000,0x00000007854c4890,0x0000000785780000)
  to   space 7680K, 0% used [0x0000000784880000,0x0000000784880000,0x0000000785000000)
 ParOldGen       total 128512K, used 16K [0x0000000704a00000, 0x000000070c780000, 0x0000000781900000)
  object space 128512K, 0% used [0x0000000704a00000,0x0000000704a04000,0x000000070c780000)
 Metaspace       used 14801K, capacity 15390K, committed 15616K, reserved 1062912K
  class space    used 1795K, capacity 1929K, committed 2048K, reserved 1048576K
Event: 9.267 GC heap after
Heap after GC invocations=3 (full 0):
 PSYoungGen      total 56320K, used 5982K [0x0000000781900000, 0x0000000788700000, 0x00000007c0000000)
  eden space 48640K, 0% used [0x0000000781900000,0x0000000781900000,0x0000000784880000)
  from space 7680K, 77% used [0x0000000784880000,0x0000000784e57ae8,0x0000000785000000)
  to   space 7680K, 0% used [0x0000000787f80000,0x0000000787f80000,0x0000000788700000)
 ParOldGen       total 128512K, used 24K [0x0000000704a00000, 0x000000070c780000, 0x0000000781900000)
  object space 128512K, 0% used [0x0000000704a00000,0x0000000704a06000,0x000000070c780000)
 Metaspace       used 14801K, capacity 15390K, committed 15616K, reserved 1062912K
  class space    used 1795K, capacity 1929K, committed 2048K, reserved 1048576K
}
Event: 10.959 GC heap before
{Heap before GC invocations=4 (full 0):
 PSYoungGen      total 56320K, used 54622K [0x0000000781900000, 0x0000000788700000, 0x00000007c0000000)
  eden space 48640K, 100% used [0x0000000781900000,0x0000000784880000,0x0000000784880000)
  from space 7680K, 77% used [0x0000000784880000,0x0000000784e57ae8,0x0000000785000000)
  to   space 7680K, 0% used [0x0000000787f80000,0x0000000787f80000,0x0000000788700000)
 ParOldGen       total 128512K, used 24K [0x0000000704a00000, 0x000000070c780000, 0x0000000781900000)
  object space 128512K, 0% used [0x0000000704a00000,0x0000000704a06000,0x000000070c780000)
 Metaspace       used 18046K, capacity 18732K, committed 18944K, reserved 1064960K
  class space    used 2309K, capacity 2474K, committed 2560K, reserved 1048576K
Event: 11.000 GC heap after
Heap after GC invocations=4 (full 0):
 PSYoungGen      total 104960K, used 6555K [0x0000000781900000, 0x0000000788700000, 0x00000007c0000000)
  eden space 97280K, 0% used [0x0000000781900000,0x0000000781900000,0x0000000787800000)
  from space 7680K, 85% used [0x0000000787f80000,0x00000007885e6d68,0x0000000788700000)
  to   space 7680K, 0% used [0x0000000787800000,0x0000000787800000,0x0000000787f80000)
 ParOldGen       total 128512K, used 32K [0x0000000704a00000, 0x000000070c780000, 0x0000000781900000)
  object space 128512K, 0% used [0x0000000704a00000,0x0000000704a08000,0x000000070c780000)
 Metaspace       used 18046K, capacity 18732K, committed 18944K, reserved 1064960K
  class space    used 2309K, capacity 2474K, committed 2560K, reserved 1048576K
}
Event: 11.625 GC heap before
{Heap before GC invocations=5 (full 0):
 PSYoungGen      total 104960K, used 46442K [0x0000000781900000, 0x0000000788700000, 0x00000007c0000000)
  eden space 97280K, 41% used [0x0000000781900000,0x0000000783ff3d70,0x0000000787800000)
  from space 7680K, 85% used [0x0000000787f80000,0x00000007885e6d68,0x0000000788700000)
  to   space 7680K, 0% used [0x0000000787800000,0x0000000787800000,0x0000000787f80000)
 ParOldGen       total 128512K, used 32K [0x0000000704a00000, 0x000000070c780000, 0x0000000781900000)
  object space 128512K, 0% used [0x0000000704a00000,0x0000000704a08000,0x000000070c780000)
 Metaspace       used 20543K, capacity 21186K, committed 21296K, reserved 1067008K
  class space    used 2686K, capacity 2845K, committed 2864K, reserved 1048576K

Deoptimization events (10 events):
Event: 8.835 Thread 0x000000000376d800 Uncommon trap: reason=unstable_if action=reinterpret pc=0x0000000003e5fddc method=java.io.WinNTFileSystem.isLetter(C)Z @ 15
Event: 8.847 Thread 0x000000000376d800 Uncommon trap: reason=unstable_if action=reinterpret pc=0x0000000003b66afc method=java.lang.String.indexOf([CII[CIII)I @ 3
Event: 9.393 Thread 0x000000001df9a000 Uncommon trap: reason=unstable_if action=reinterpret pc=0x0000000003ef3f90 method=java.util.concurrent.ConcurrentHashMap.putVal(Ljava/lang/Object;Ljava/lang/Object;Z)Ljava/lang/Object; @ 113
Event: 9.404 Thread 0x000000000376d800 Uncommon trap: reason=unstable_if action=reinterpret pc=0x0000000003c69958 method=java.util.HashMap.hash(Ljava/lang/Object;)I @ 1
Event: 11.405 Thread 0x000000001df9a000 Uncommon trap: reason=bimorphic action=maybe_recompile pc=0x0000000003fc2ce4 method=java.util.HashMap.putVal(ILjava/lang/Object;Ljava/lang/Object;ZZ)Ljava/lang/Object; @ 203
Event: 11.417 Thread 0x000000001df9a000 Uncommon trap: reason=bimorphic action=maybe_recompile pc=0x0000000003fc2ce4 method=java.util.HashMap.putVal(ILjava/lang/Object;Ljava/lang/Object;ZZ)Ljava/lang/Object; @ 203
Event: 11.424 Thread 0x000000001df9a000 Uncommon trap: reason=bimorphic action=maybe_recompile pc=0x0000000003fc2ce4 method=java.util.HashMap.putVal(ILjava/lang/Object;Ljava/lang/Object;ZZ)Ljava/lang/Object; @ 203
Event: 11.466 Thread 0x000000000376d800 Uncommon trap: reason=unstable_if action=reinterpret pc=0x0000000003f19fd4 method=java.io.WinNTFileSystem.normalize(Ljava/lang/String;II)Ljava/lang/String; @ 103
Event: 11.470 Thread 0x000000000376d800 Uncommon trap: reason=unstable_if action=reinterpret pc=0x0000000003c301ac method=java.lang.AbstractStringBuilder.append(Ljava/lang/String;)Ljava/lang/AbstractStringBuilder; @ 1
Event: 11.492 Thread 0x000000000376d800 Uncommon trap: reason=unstable_if action=reinterpret pc=0x0000000003c1b0a4 method=java.lang.AbstractStringBuilder.append(Ljava/lang/String;)Ljava/lang/AbstractStringBuilder; @ 1

Classes redefined (0 events):
No events

Internal exceptions (10 events):
Event: 5.268 Thread 0x000000000376d800 Exception <a 'java/lang/NoSuchMethodError': java.lang.Object.lambda$comparing$77a9974f$1(Ljava/util/function/Function;Ljava/lang/Object;Ljava/lang/Object;)I> (0x0000000782c4ef28) thrown at [C:\re\workspace\8-2-build-windows-amd64-cygwin\jdk8u181\11358\hot
Event: 5.736 Thread 0x000000000376d800 Exception <a 'java/lang/NoSuchMethodError': java.lang.Object.lambda$static$0(Ljava/lang/Object;)Ljava/lang/Object;> (0x00000007837b6fa8) thrown at [C:\re\workspace\8-2-build-windows-amd64-cygwin\jdk8u181\11358\hotspot\src\share\vm\interpreter\linkResolver
Event: 5.814 Thread 0x000000000376d800 Exception <a 'java/lang/ArrayIndexOutOfBoundsException': 18> (0x0000000783a06500) thrown at [C:\re\workspace\8-2-build-windows-amd64-cygwin\jdk8u181\11358\hotspot\src\share\vm\interpreter\interpreterRuntime.cpp, line 366]
Event: 8.198 Thread 0x000000000376d800 Exception <a 'java/lang/NoSuchMethodError': java.lang.Object.lambda$or$2(Ljava/util/function/BiPredicate;Ljava/lang/Object;Ljava/lang/Object;)Z> (0x0000000783544878) thrown at [C:\re\workspace\8-2-build-windows-amd64-cygwin\jdk8u181\11358\hotspot\src\shar
Event: 8.206 Thread 0x000000000376d800 Exception <a 'java/lang/NoSuchMethodError': java.lang.Object.lambda$chars$0()Ljava/util/Spliterator$OfInt;> (0x0000000783568370) thrown at [C:\re\workspace\8-2-build-windows-amd64-cygwin\jdk8u181\11358\hotspot\src\share\vm\interpreter\linkResolver.cpp, li
Event: 8.821 Thread 0x000000000376d800 Implicit null exception at 0x0000000003e00b9a to 0x0000000003e05825
Event: 9.404 Thread 0x000000000376d800 Implicit null exception at 0x0000000003c69694 to 0x0000000003c69941
Event: 9.876 Thread 0x000000000376d800 Exception <a 'java/lang/NoSuchMethodError': java.lang.Object.lambda$comparingByKey$6d558cbf$1(Ljava/util/Comparator;Ljava/util/Map$Entry;Ljava/util/Map$Entry;)I> (0x0000000782bddc20) thrown at [C:\re\workspace\8-2-build-windows-amd64-cygwin\jdk8u181\11358
Event: 11.470 Thread 0x000000000376d800 Implicit null exception at 0x0000000003c2fc99 to 0x0000000003c30191
Event: 11.492 Thread 0x000000000376d800 Implicit null exception at 0x0000000003c1abd6 to 0x0000000003c1b08d

Events (10 events):
Event: 11.623 Thread 0x000000001df9a000 DEOPT UNPACKING pc=0x0000000003a67890 sp=0x000000001f5acd80 mode 1
Event: 11.624 loading class net/logstash/logback/composite/loggingevent/AbstractThrowableClassNameJsonProvider
Event: 11.624 loading class net/logstash/logback/composite/loggingevent/AbstractThrowableClassNameJsonProvider done
Event: 11.624 Thread 0x000000000376d800 DEOPT PACKING pc=0x0000000003c40909 sp=0x000000000375a5d0
Event: 11.624 Thread 0x000000000376d800 DEOPT UNPACKING pc=0x0000000003a67890 sp=0x000000000375a320 mode 1
Event: 11.624 Thread 0x000000000376d800 DEOPT PACKING pc=0x0000000003bd6404 sp=0x000000000375a650
Event: 11.624 Thread 0x000000000376d800 DEOPT UNPACKING pc=0x0000000003a67890 sp=0x000000000375a470 mode 1
Event: 11.624 Thread 0x000000000376d800 DEOPT PACKING pc=0x0000000003bd619c sp=0x000000000375a7e0
Event: 11.624 Thread 0x000000000376d800 DEOPT UNPACKING pc=0x0000000003a67890 sp=0x000000000375a600 mode 1
Event: 11.625 Executing VM operation: CollectForMetadataAllocation


Dynamic libraries:
0x00007ff7a5de0000 - 0x00007ff7a5e17000 	C:\Program Files\Java\jdk1.8.0_181\bin\java.exe
0x00007ffe37f10000 - 0x00007ffe380fd000 	C:\Windows\SYSTEM32\ntdll.dll
0x00007ffe37b20000 - 0x00007ffe37bd3000 	C:\Windows\System32\KERNEL32.DLL
0x00007ffe349b0000 - 0x00007ffe34c45000 	C:\Windows\System32\KERNELBASE.dll
0x00007ffe37570000 - 0x00007ffe37613000 	C:\Windows\System32\ADVAPI32.dll
0x00007ffe35780000 - 0x00007ffe3581e000 	C:\Windows\System32\msvcrt.dll
0x00007ffe37750000 - 0x00007ffe377ee000 	C:\Windows\System32\sechost.dll
0x00007ffe37620000 - 0x00007ffe37742000 	C:\Windows\System32\RPCRT4.dll
0x00007ffe37be0000 - 0x00007ffe37d77000 	C:\Windows\System32\USER32.dll
0x00007ffe341e0000 - 0x00007ffe34200000 	C:\Windows\System32\win32u.dll
0x00007ffe37d80000 - 0x00007ffe37da9000 	C:\Windows\System32\GDI32.dll
0x00007ffe34f10000 - 0x00007ffe350ac000 	C:\Windows\System32\gdi32full.dll
0x00007ffe340c0000 - 0x00007ffe34160000 	C:\Windows\System32\msvcp_win.dll
0x00007ffe33fc0000 - 0x00007ffe340ba000 	C:\Windows\System32\ucrtbase.dll
0x00007ffe22b00000 - 0x00007ffe22d79000 	C:\Windows\WinSxS\amd64_microsoft.windows.common-controls_6595b64144ccf1df_6.0.17763.1577_none_de7444545348a3d0\COMCTL32.dll
0x00007ffe377f0000 - 0x00007ffe37b1d000 	C:\Windows\System32\combase.dll
0x00007ffe350b0000 - 0x00007ffe3512e000 	C:\Windows\System32\bcryptPrimitives.dll
0x00007ffe35e10000 - 0x00007ffe35e3e000 	C:\Windows\System32\IMM32.DLL
0x0000000180000000 - 0x000000018012e000 	C:\Windows\LVUAAgentInstBaseRoot\system32\Vozokopot.dll
0x00007ffe35f10000 - 0x00007ffe37409000 	C:\Windows\System32\SHELL32.dll
0x00007ffe34960000 - 0x00007ffe349aa000 	C:\Windows\System32\cfgmgr32.dll
0x00007ffe355e0000 - 0x00007ffe35688000 	C:\Windows\System32\shcore.dll
0x00007ffe34200000 - 0x00007ffe34953000 	C:\Windows\System32\windows.storage.dll
0x00007ffe33f70000 - 0x00007ffe33f94000 	C:\Windows\System32\profapi.dll
0x00007ffe33ef0000 - 0x00007ffe33f4d000 	C:\Windows\System32\powrprof.dll
0x00007ffe358b0000 - 0x00007ffe35902000 	C:\Windows\System32\shlwapi.dll
0x00007ffe33f50000 - 0x00007ffe33f61000 	C:\Windows\System32\kernel.appcore.dll
0x00007ffe34160000 - 0x00007ffe34177000 	C:\Windows\System32\cryptsp.dll
0x00007ffe33df0000 - 0x00007ffe33e19000 	C:\Windows\SYSTEM32\USERENV.dll
0x00007ffe328e0000 - 0x00007ffe328fe000 	C:\Windows\LVUAAgentInstBaseRoot\system32\MozartBreathFw.dll
0x00007ffe32540000 - 0x00007ffe328dd000 	C:\Windows\LVUAAgentInstBaseRoot\system32\MozartBreathCore.dll
0x00007ffe37db0000 - 0x00007ffe37ed7000 	C:\Windows\System32\COMDLG32.dll
0x00007ffe37410000 - 0x00007ffe37566000 	C:\Windows\System32\ole32.dll
0x00007ffe35e40000 - 0x00007ffe35f04000 	C:\Windows\System32\OLEAUT32.dll
0x00007ffe35840000 - 0x00007ffe358ad000 	C:\Windows\System32\WS2_32.dll
0x000000006aac0000 - 0x000000006ab5a000 	C:\Windows\LVUAAgentInstBaseRoot\system32\SteinwayMSVCRT.dll
0x000000006a9f0000 - 0x000000006aac0000 	C:\Windows\LVUAAgentInstBaseRoot\system32\SteinwayMSVCSTL.dll
0x00007ffe324b0000 - 0x00007ffe32539000 	C:\Windows\SYSTEM32\WINSPOOL.DRV
0x00007ffe34ee0000 - 0x00007ffe34f06000 	C:\Windows\System32\bcrypt.dll
0x00007ffe32230000 - 0x00007ffe32243000 	C:\Windows\SYSTEM32\WTSAPI32.dll
0x00007ffe32250000 - 0x00007ffe323f9000 	C:\Windows\SYSTEM32\PROPSYS.dll
0x00007ffe33480000 - 0x00007ffe334bd000 	C:\Windows\SYSTEM32\IPHLPAPI.DLL
0x00007ffe334d0000 - 0x00007ffe33596000 	C:\Windows\SYSTEM32\Dnsapi.dll
0x00007ffe356f0000 - 0x00007ffe356f8000 	C:\Windows\System32\NSI.dll
0x00007ffe321d0000 - 0x00007ffe3222f000 	C:\Windows\LVUAAgentInstBaseRoot\system32\MozartBreathNet.dll
0x00007ffe321b0000 - 0x00007ffe321d0000 	C:\Windows\LVUAAgentInstBaseRoot\system32\MozartBreathProcess.dll
0x00007ffe32190000 - 0x00007ffe321a5000 	C:\Windows\LVUAAgentInstBaseRoot\system32\MozartBreathBolo.dll
0x00007ffe32170000 - 0x00007ffe3218a000 	C:\Windows\LVUAAgentInstBaseRoot\system32\MozartBreathProtect.dll
0x000000006a7a0000 - 0x000000006a872000 	C:\Program Files\Java\jdk1.8.0_181\jre\bin\msvcr100.dll
0x0000000068fe0000 - 0x0000000069882000 	C:\Program Files\Java\jdk1.8.0_181\jre\bin\server\jvm.dll
0x00007ffe35820000 - 0x00007ffe35828000 	C:\Windows\System32\PSAPI.DLL
0x00007ffe1cd60000 - 0x00007ffe1cd69000 	C:\Windows\SYSTEM32\WSOCK32.dll
0x00007ffe2fec0000 - 0x00007ffe2fee4000 	C:\Windows\SYSTEM32\WINMM.dll
0x00007ffe23a70000 - 0x00007ffe23a7a000 	C:\Windows\SYSTEM32\VERSION.dll
0x00007ffe2fe90000 - 0x00007ffe2febd000 	C:\Windows\SYSTEM32\WINMMBASE.dll
0x000000006a790000 - 0x000000006a79f000 	C:\Program Files\Java\jdk1.8.0_181\jre\bin\verify.dll
0x000000006a760000 - 0x000000006a789000 	C:\Program Files\Java\jdk1.8.0_181\jre\bin\java.dll
0x000000006a6f0000 - 0x000000006a725000 	C:\Program Files\Java\jdk1.8.0_181\jre\bin\jdwp.dll
0x000000006a6e0000 - 0x000000006a6e8000 	C:\Program Files\Java\jdk1.8.0_181\jre\bin\npt.dll
0x000000006a650000 - 0x000000006a673000 	C:\Program Files\Java\jdk1.8.0_181\jre\bin\instrument.dll
0x00007ffe30ac0000 - 0x00007ffe30b28000 	C:\Windows\SYSTEM32\Wlanapi.dll
0x000000006a740000 - 0x000000006a756000 	C:\Program Files\Java\jdk1.8.0_181\jre\bin\zip.dll
0x000000006a6d0000 - 0x000000006a6d9000 	C:\Program Files\Java\jdk1.8.0_181\jre\bin\dt_socket.dll
0x00007ffe33760000 - 0x00007ffe337c7000 	C:\Windows\system32\mswsock.dll
0x000000006a6a0000 - 0x000000006a6ba000 	C:\Program Files\Java\jdk1.8.0_181\jre\bin\net.dll
0x000000006a680000 - 0x000000006a691000 	C:\Program Files\Java\jdk1.8.0_181\jre\bin\nio.dll
0x000000006a730000 - 0x000000006a73d000 	C:\Program Files\Java\jdk1.8.0_181\jre\bin\management.dll
0x00007ffe1d470000 - 0x00007ffe1d486000 	C:\Windows\system32\napinsp.dll
0x00007ffe1d450000 - 0x00007ffe1d46a000 	C:\Windows\system32\pnrpnsp.dll
0x00007ffe1d440000 - 0x00007ffe1d44e000 	C:\Windows\System32\winrnr.dll
0x00007ffe2efd0000 - 0x00007ffe2efeb000 	C:\Windows\system32\NLAapi.dll
0x00007ffe1d420000 - 0x00007ffe1d435000 	C:\Windows\system32\wshbth.dll
0x00007ffe25430000 - 0x00007ffe2543a000 	C:\Windows\System32\rasadhlp.dll
0x00007ffe26820000 - 0x00007ffe26899000 	C:\Windows\System32\fwpuclnt.dll

VM Arguments:
jvm_args: -agentlib:jdwp=transport=dt_socket,address=127.0.0.1:57523,suspend=y,server=n -ea -Didea.test.cyclic.buffer.size=1048576 -javaagent:C:\Users\ThinkPad\AppData\Local\JetBrains\IntelliJIdea2020.1\captureAgent\debugger-agent.jar -Dfile.encoding=UTF-8 
java_command: com.intellij.rt.junit.JUnitStarter -ideVersion5 -junit4 com.macro.mall.PmsDaoTests,testRedisClient
java_class_path (initial): C:\Program Files\JetBrains\IntelliJ IDEA 2020.1\lib\idea_rt.jar;C:\Program Files\JetBrains\IntelliJ IDEA 2020.1\plugins\junit\lib\junit5-rt.jar;C:\Program Files\JetBrains\IntelliJ IDEA 2020.1\plugins\junit\lib\junit-rt.jar;C:\Program Files\Java\jdk1.8.0_181\jre\lib\charsets.jar;C:\Program Files\Java\jdk1.8.0_181\jre\lib\deploy.jar;C:\Program Files\Java\jdk1.8.0_181\jre\lib\ext\access-bridge-64.jar;C:\Program Files\Java\jdk1.8.0_181\jre\lib\ext\cldrdata.jar;C:\Program Files\Java\jdk1.8.0_181\jre\lib\ext\dnsns.jar;C:\Program Files\Java\jdk1.8.0_181\jre\lib\ext\jaccess.jar;C:\Program Files\Java\jdk1.8.0_181\jre\lib\ext\jfxrt.jar;C:\Program Files\Java\jdk1.8.0_181\jre\lib\ext\localedata.jar;C:\Program Files\Java\jdk1.8.0_181\jre\lib\ext\nashorn.jar;C:\Program Files\Java\jdk1.8.0_181\jre\lib\ext\sunec.jar;C:\Program Files\Java\jdk1.8.0_181\jre\lib\ext\sunjce_provider.jar;C:\Program Files\Java\jdk1.8.0_181\jre\lib\ext\sunmscapi.jar;C:\Program Files\Java\jdk1.8.0_181\jre\lib\ext\sunpkcs11.jar;C:\Program Files\Java\jdk1.8.0_181\jre\lib\ext\zipfs.jar;C:\Program Files\Java\jdk1.8.0_181\jre\lib\javaws.jar;C:\Program Files\Java\jdk1.8.0_181\jre\lib\jce.jar;C:\Program Files\Java\jdk1.8.0_181\jre\lib\jfr.jar;C:\Program Files\Java\jdk1.8.0_181\jre\lib\jfxswt.jar;C:\Program Files\Java\jdk1.8.0_181\jre\lib\jsse.jar;C:\Program Files\Java\jdk1.8.0_181\jre\lib\management-agent.jar;C:\Program Files\Java\jdk1.8.0_181\jre\lib\plugin.jar;C:\Program Files\Java\jdk1.8.0_181\jre\lib\resources.jar;C:\Program Files\Java\jdk1.8.0_181\jre\lib\rt.jar;C:\Users\ThinkPad\IdeaProjects\mall-master\mall-admin\target\test-classes;C:\Users\ThinkPad\IdeaProjects\mall-master\mall-admin\target\classes;C:\Users\ThinkPad\IdeaProjects\mall-master\mall-mbg\target\classes;C:\Users\ThinkPad\IdeaProjects\mall-master\mall-common\target\classes;C:\Users\ThinkPad\.m2\.m2\repository\com\github\pagehelper\pagehelper\5.2.0\pagehelper-5.2.0.jar;C:\Users\ThinkPad\.m2\.m2\repository\com\github\j
Launcher Type: SUN_STANDARD

Environment Variables:
JAVA_HOME=C:\Program Files\Java\jdk1.8.0_181
CLASSPATH=.;C:\Program Files\Java\jdk1.8.0_181\lib;C:\Program Files\Java\jdk1.8.0_181\lib\tools.jar
PATH=C:\Program Files (x86)\Common Files\Oracle\Java\javapath;C:\Program Files (x86)\Intel\iCLS Client\;C:\Program Files\Intel\iCLS Client\;C:\Windows\system32;C:\Windows;C:\Windows\System32\Wbem;C:\Windows\System32\WindowsPowerShell\v1.0\;C:\Windows\System32\OpenSSH\;C:\Program Files (x86)\Intel\Intel(R) Management Engine Components\DAL;C:\Program Files\Intel\Intel(R) Management Engine Components\DAL;C:\Program Files (x86)\Intel\Intel(R) Management Engine Components\IPT;C:\Program Files\Intel\Intel(R) Management Engine Components\IPT;C:\Program Files\Intel\WiFi\bin\;C:\Program Files\Common Files\Intel\WirelessCommon\;"C:\Program Files\Java\jdk1.8.0_181\bin;C:\Program Files\Java\jdk1.8.0_181\jre\bin;";C:\Program Files\Java\jdk1.8.0_181\bin;D:\st\tool\apache-maven-3.5.4\bin;D:\st\tool\node\;D:\apache-maven-3.8.1\bin;C:\Program Files (x86)\Microsoft VS Code\bin;C:\ProgramData\Microsoft\Windows\Start Menu\Programs\Python 2.7;C:\Python27;C:\Users\ThinkPad\AppData\Local\Microsoft\WindowsApps;C:\Program Files\Intel\WiFi\bin\;C:\Program Files\Common Files\Intel\WirelessCommon\;C:\Users\ThinkPad\AppData\Roaming\npm
USERNAME=ThinkPad
OS=Windows_NT
PROCESSOR_IDENTIFIER=Intel64 Family 6 Model 61 Stepping 4, GenuineIntel



---------------  S Y S T E M  ---------------

OS: Windows 10.0 , 64 bit Build 17763 (10.0.17763.475)

CPU:total 4 (initial active 4) (2 cores per cpu, 2 threads per core) family 6 model 61 stepping 4, cmov, cx8, fxsr, mmx, sse, sse2, sse3, ssse3, sse4.1, sse4.2, popcnt, avx, avx2, aes, clmul, erms, rtm, 3dnowpref, lzcnt, ht, tsc, tscinvbit, bmi1, bmi2, adx

Memory: 4k page, physical 12271832k(1022740k free), swap 22757844k(4076k free)

vm_info: Java HotSpot(TM) 64-Bit Server VM (25.181-b13) for windows-amd64 JRE (1.8.0_181-b13), built on Jul  7 2018 04:01:33 by "java_re" with MS VC++ 10.0 (VS2010)

time: Mon Feb 21 13:38:45 2022
elapsed time: 11 seconds (0d 0h 0m 11s)

